0 info it worked if it ends with ok
1 verbose cli [ '/Users/russpate/.nvm/versions/node/v5.5.0/bin/node',
1 verbose cli   '/Users/russpate/.nvm/versions/node/v5.5.0/bin/npm',
1 verbose cli   'run',
1 verbose cli   'serve' ]
2 info using npm@3.3.12
3 info using node@v5.5.0
4 verbose run-script [ 'preserve', 'serve', 'postserve' ]
5 info lifecycle bitters@1.0.0~preserve: bitters@1.0.0
6 silly lifecycle bitters@1.0.0~preserve: no script for preserve, continuing
7 info lifecycle bitters@1.0.0~serve: bitters@1.0.0
8 verbose lifecycle bitters@1.0.0~serve: unsafe-perm in lifecycle true
9 verbose lifecycle bitters@1.0.0~serve: PATH: /Users/russpate/.nvm/versions/node/v5.5.0/lib/node_modules/npm/bin/node-gyp-bin:/Users/russpate/Documents/TIY/Assignments/bitters/node_modules/.bin:/Users/russpate/.nvm/versions/node/v5.5.0/bin:/usr/local/bin:/usr/bin:/bin:/usr/sbin:/sbin
10 verbose lifecycle bitters@1.0.0~serve: CWD: /Users/russpate/Documents/TIY/Assignments/bitters
11 silly lifecycle bitters@1.0.0~serve: Args: [ '-c', 'serve' ]
12 silly lifecycle bitters@1.0.0~serve: Returned: code: 1  signal: null
13 info lifecycle bitters@1.0.0~serve: Failed to exec serve script
14 verbose stack Error: bitters@1.0.0 serve: `serve`
14 verbose stack Exit status 1
14 verbose stack     at EventEmitter.<anonymous> (/Users/russpate/.nvm/versions/node/v5.5.0/lib/node_modules/npm/lib/utils/lifecycle.js:232:16)
14 verbose stack     at emitTwo (events.js:100:13)
14 verbose stack     at EventEmitter.emit (events.js:185:7)
14 verbose stack     at ChildProcess.<anonymous> (/Users/russpate/.nvm/versions/node/v5.5.0/lib/node_modules/npm/lib/utils/spawn.js:24:14)
14 verbose stack     at emitTwo (events.js:100:13)
14 verbose stack     at ChildProcess.emit (events.js:185:7)
14 verbose stack     at maybeClose (internal/child_process.js:821:16)
14 verbose stack     at Process.ChildProcess._handle.onexit (internal/child_process.js:211:5)
15 verbose pkgid bitters@1.0.0
16 verbose cwd /Users/russpate/Documents/TIY/Assignments/bitters
17 error Darwin 15.4.0
18 error argv "/Users/russpate/.nvm/versions/node/v5.5.0/bin/node" "/Users/russpate/.nvm/versions/node/v5.5.0/bin/npm" "run" "serve"
19 error node v5.5.0
20 error npm  v3.3.12
21 error code ELIFECYCLE
22 error bitters@1.0.0 serve: `serve`
22 error Exit status 1
23 error Failed at the bitters@1.0.0 serve script 'serve'.
23 error Make sure you have the latest version of node.js and npm installed.
23 error If you do, this is most likely a problem with the bitters package,
23 error not with npm itself.
23 error Tell the author that this fails on your system:
23 error     serve
23 error You can get their info via:
23 error     npm owner ls bitters
23 error There is likely additional logging output above.
24 verbose exit [ 1, true ]
